
============================================================
📊 CROSS-PLAYLIST REPETITION ANALYSIS
============================================================

📈 Summary:
   Total songs across all playlists: 701
   Total unique songs across all playlists: 697
   Songs appearing in multiple playlists: 4
   Songs appearing in only one playlist: 693
   Duplication rate: 0.6%

🔄 Songs appearing in multiple playlists:

   🎵 Angra - Rebirth (2001)
      Appears in 2 playlists: Power Metal, Prog Metal

   🎵 Dream Theater - Octavarium (2005)
      Appears in 2 playlists: Progressive Rock, Prog Metal

   🎵 Riverside - Second Life Syndrome (2005)
      Appears in 2 playlists: Progressive Rock, Prog Metal

   🎵 Ensiferum - In My Sword I Trust (2012)
      Appears in 2 playlists: Folk Metal, Melodic Death Metal

📊 Breakdown by number of appearances:
   4 song(s) appear in 2 playlists

============================================================
