
============================================================
📊 CROSS-PLAYLIST REPETITION ANALYSIS
============================================================

📈 Summary:
   Total songs across all playlists: 2071
   Total unique songs across all playlists: 1988
   Songs appearing in multiple playlists: 74
   Songs appearing in only one playlist: 1914
   Duplication rate: 3.7%

🔄 Songs appearing in multiple playlists:

   🎵 Oasis - Wonderwall (1995)
      Appears in 4 playlists: Millennial Nostalgia, Aspen Vibes, Classic Pop, Classic Rock

   🎵 Goo Goo Dolls - Iris (1998)
      Appears in 3 playlists: Millennial Nostalgia, Aspen Vibes, Classic Rock

   🎵 Hozier - Take Me to Church (2014)
      Appears in 3 playlists: Contemporary Pop, Irish Folk, Aspen Vibes

   🎵 UB40 - Red Red Wine (1983)
      Appears in 3 playlists: Classic Reggae, Aspen Vibes, Classic Pop

   🎵 Bryan Adams - Heaven (1985)
      Appears in 3 playlists: Aspen Vibes, Classic Pop, Classic Rock

   🎵 Bryan Adams - Summer of '69 (1985)
      Appears in 3 playlists: Aspen Vibes, Classic Pop, Classic Rock

   🎵 Phil Collins - In the Air Tonight (1981)
      Appears in 3 playlists: Aspen Vibes, Classic Pop, Classic Rock

   🎵 U2 - With or Without You (1987)
      Appears in 3 playlists: Aspen Vibes, Classic Pop, Classic Rock

   🎵 Backstreet Boys - I Want It That Way (1999)
      Appears in 2 playlists: Millennial Nostalgia, Classic Pop

   🎵 Backstreet Boys - Quit Playing Games (With My Heart) (1996)
      Appears in 2 playlists: Millennial Nostalgia, Classic Pop

   🎵 blink-182 - All the Small Things (1999)
      Appears in 2 playlists: Millennial Nostalgia, Classic Rock

   🎵 Britney Spears - ...Baby One More Time (1998)
      Appears in 2 playlists: Millennial Nostalgia, Classic Pop

   🎵 Britney Spears - Oops!... I Did It Again (2000)
      Appears in 2 playlists: Millennial Nostalgia, Classic Pop

   🎵 Christina Aguilera - Genie in a Bottle (1999)
      Appears in 2 playlists: Millennial Nostalgia, Classic Pop

   🎵 Christina Aguilera - What a Girl Wants (1999)
      Appears in 2 playlists: Millennial Nostalgia, Classic Pop

   🎵 Green Day - Basket Case (1994)
      Appears in 2 playlists: Millennial Nostalgia, Classic Rock

   🎵 Lauryn Hill - Doo Wop (That Thing) (1998)
      Appears in 2 playlists: Millennial Nostalgia, Golden HipHop

   🎵 Michelle Branch - Everywhere (2001)
      Appears in 2 playlists: Millennial Nostalgia, Aspen Vibes

   🎵 Nelly Furtado - I'm Like a Bird (2000)
      Appears in 2 playlists: Millennial Nostalgia, Aspen Vibes

   🎵 No Doubt - Don't Speak (1996)
      Appears in 2 playlists: Millennial Nostalgia, Aspen Vibes

   🎵 No Doubt - Just a Girl (1995)
      Appears in 2 playlists: Millennial Nostalgia, Classic Rock

   🎵 Plain White T's - Hey There Delilah (2007)
      Appears in 2 playlists: Millennial Nostalgia, Aspen Vibes

   🎵 Radiohead - Creep (1992)
      Appears in 2 playlists: Millennial Nostalgia, Classic Rock

   🎵 Spice Girls - 2 Become 1 (1996)
      Appears in 2 playlists: Millennial Nostalgia, Classic Pop

   🎵 Spice Girls - Wannabe (1996)
      Appears in 2 playlists: Millennial Nostalgia, Classic Pop

   🎵 Sublime - What I Got (1996)
      Appears in 2 playlists: Millennial Nostalgia, Reggae Rock

   🎵 The Notorious B.I.G. - Mo Money Mo Problems (1997)
      Appears in 2 playlists: Millennial Nostalgia, Golden HipHop

   🎵 Third Eye Blind - Semi-Charmed Life (1997)
      Appears in 2 playlists: Millennial Nostalgia, Classic Rock

   🎵 TLC - No Scrubs (1999)
      Appears in 2 playlists: Millennial Nostalgia, Classic Pop

   🎵 TLC - Waterfalls (1995)
      Appears in 2 playlists: Millennial Nostalgia, Classic Pop

   🎵 Mac DeMarco - Chamber of Reflection (2014)
      Appears in 2 playlists: Indie Vibes, Eclectic Discovery

   🎵 Of Monsters and Men - Little Talks (2011)
      Appears in 2 playlists: Indie Vibes, Aspen Vibes

   🎵 Tame Impala - The Less I Know the Better (2015)
      Appears in 2 playlists: Indie Vibes, Eclectic Discovery

   🎵 Adele - Rolling in the Deep (2011)
      Appears in 2 playlists: Contemporary Pop, Aspen Vibes

   🎵 Gotye - Somebody That I Used to Know (2012)
      Appears in 2 playlists: Contemporary Pop, Aspen Vibes

   🎵 One Direction - What Makes You Beautiful (2011)
      Appears in 2 playlists: Contemporary Pop, Aspen Vibes

   🎵 Selena Gomez - Lose You to Love Me (2019)
      Appears in 2 playlists: Contemporary Pop, Aspen Vibes

   🎵 X Ambassadors - Unsteady (2016)
      Appears in 2 playlists: Contemporary Pop, Aspen Vibes

   🎵 Matisyahu - Sunshine (2012)
      Appears in 2 playlists: Modern Reggae, Reggae Rock

   🎵 Prince - Kiss (1986)
      Appears in 2 playlists: Funk & Soul, Classic Pop

   🎵 Enya - Orinoco Flow (1988)
      Appears in 2 playlists: Irish Folk, Aspen Vibes

   🎵 Glen Hansard - Falling Slowly (2008)
      Appears in 2 playlists: Irish Folk, Aspen Vibes

   🎵 UB40 - Can't Help Falling in Love (1993)
      Appears in 2 playlists: Reggae Rock, Aspen Vibes

   🎵 UB40 - Kingston Town (1990)
      Appears in 2 playlists: Reggae Rock, Classic Reggae

   🎵 Marillion - Kayleigh (1985)
      Appears in 2 playlists: Neo-Prog, Progressive Rock

   🎵 Porcupine Tree - Trains (2002)
      Appears in 2 playlists: Neo-Prog, Progressive Rock

   🎵 Air Supply - All Out of Love (1980)
      Appears in 2 playlists: Aspen Vibes, Classic Pop

   🎵 Air Supply - Making Love Out of Nothing at All (1983)
      Appears in 2 playlists: Aspen Vibes, Classic Pop

   🎵 Cyndi Lauper - Time After Time (1984)
      Appears in 2 playlists: Aspen Vibes, Classic Pop

   🎵 George Michael - Careless Whisper (1984)
      Appears in 2 playlists: Aspen Vibes, Classic Pop

   🎵 INXS - Need You Tonight (1987)
      Appears in 2 playlists: Aspen Vibes, Classic Rock

   🎵 Lionel Richie - Hello (1984)
      Appears in 2 playlists: Aspen Vibes, Classic Pop

   🎵 Olivia Newton-John - Magic (1980)
      Appears in 2 playlists: Aspen Vibes, Classic Pop

   🎵 Phil Collins - Another Day in Paradise (1989)
      Appears in 2 playlists: Aspen Vibes, Classic Pop

   🎵 PM Dawn - Set Adrift on Memory Bliss (1991)
      Appears in 2 playlists: Aspen Vibes, Classic Pop

   🎵 Rick Astley - Never Gonna Give You Up (1987)
      Appears in 2 playlists: Aspen Vibes, Classic Pop

   🎵 Roxette - It Must Have Been Love (1990)
      Appears in 2 playlists: Aspen Vibes, Classic Pop

   🎵 Sade - Smooth Operator (1984)
      Appears in 2 playlists: Aspen Vibes, Classic Pop

   🎵 Seal - Kiss from a Rose (1994)
      Appears in 2 playlists: Aspen Vibes, Classic Pop

   🎵 Shania Twain - You're Still the One (1998)
      Appears in 2 playlists: Aspen Vibes, Classic Pop

   🎵 Simply Red - Holding Back the Years (1989)
      Appears in 2 playlists: Aspen Vibes, Classic Pop

   🎵 Toto - Africa (1982)
      Appears in 2 playlists: Aspen Vibes, Classic Pop

   🎵 Whitney Houston - I Wanna Dance with Somebody (Who Loves Me) (1987)
      Appears in 2 playlists: Aspen Vibes, Classic Pop

   🎵 Pink Floyd - Wish You Were Here (1975)
      Appears in 2 playlists: Progressive Rock, Classic Rock

   🎵 Bon Jovi - Livin' on a Prayer (1986)
      Appears in 2 playlists: Classic Pop, Classic Rock

   🎵 Bon Jovi - You Give Love a Bad Name (1986)
      Appears in 2 playlists: Classic Pop, Classic Rock

   🎵 Eurythmics - Sweet Dreams (Are Made of This) (1983)
      Appears in 2 playlists: Classic Pop, Classic Rock

   🎵 Genesis - Land of Confusion (1986)
      Appears in 2 playlists: Classic Pop, Classic Rock

   🎵 Oasis - Don't Look Back in Anger (1996)
      Appears in 2 playlists: Classic Pop, Classic Rock

   🎵 R.E.M. - Losing My Religion (1991)
      Appears in 2 playlists: Classic Pop, Classic Rock

   🎵 Salt-N-Pepa - Push It (1987)
      Appears in 2 playlists: Classic Pop, Golden HipHop

   🎵 Def Leppard - Hysteria (1987)
      Appears in 2 playlists: Classic Rock, Soft Metal

   🎵 Guns N' Roses - November Rain (1991)
      Appears in 2 playlists: Classic Rock, Soft Metal

   🎵 Kavinsky - Nightcall (2010)
      Appears in 2 playlists: Synthwave, Melodic EDM

📊 Breakdown by number of appearances:
   1 song(s) appear in 4 playlists
   7 song(s) appear in 3 playlists
   66 song(s) appear in 2 playlists

============================================================
